****** Starting TC001_AccountRegistrationTest********
Clicked on my account
Clicked on register
Provideing Customer details
Validating Expected message
****** Finished TC001_AccountRegistrationTest********
****** Starting TC001_AccountRegistrationTest********
Clicked on my account
Clicked on register
Provideing Customer details
Validating Expected message
****** Starting TC001_AccountRegistrationTest********
Clicked on my account
Clicked on register
Provideing Customer details
Validating Expected message
****** Starting TC001_AccountRegistrationTest********
Clicked on my account
Clicked on register
Provideing Customer details
Validating Expected message
****** Starting TC001_AccountRegistrationTest********
Clicked on my account
Clicked on register
Provideing Customer details
Validating Expected message
****** Starting TC001_AccountRegistrationTest********
Clicked on my account
Clicked on register
Provideing Customer details
Validating Expected message
****** Starting TC001_AccountRegistrationTest********
Clicked on my account
Clicked on register
Provideing Customer details
Validating Expected message
****** Starting TC001_AccountRegistrationTest********
Clicked on my account
Clicked on register
Provideing Customer details
Validating Expected message
****** Starting TC001_AccountRegistrationTest********
Clicked on my account
Clicked on register
Provideing Customer details
Validating Expected message
****** Starting TC001_AccountRegistrationTest********
Clicked on my account
Clicked on register
Provideing Customer details
Validating Expected message
****** Starting TC001_AccountRegistrationTest********
****** Starting TC001_AccountRegistrationTest********
Clicked on my account
Clicked on my account
Clicked on register
Provideing Customer details
Clicked on register
Provideing Customer details
Validating Expected message
****** Starting TC001_AccountRegistrationTest********
Validating Expected message
Clicked on my account
Clicked on register
Provideing Customer details
****** Starting TC001_AccountRegistrationTest********
Clicked on my account
Clicked on register
Provideing Customer details
Validating Expected message
Validating Expected message
****** Starting TC001_AccountRegistrationTest********
Clicked on my account
Clicked on register
Provideing Customer details
Validating Expected message
****** Starting TC002_LoginTest*****
****** Starting TC002_LoginTest*****
****** Starting TC002_LoginTest*****
****** Starting TC002_LoginTest*****
****** Starting TC002_LoginTest*****
****** Starting TC002_LoginTest*****
****** Finished TC002_LoginTest*****
****** Starting TC002_LoginTest*****
****** Finished TC002_LoginTest*****
****** Starting TC002_LoginTest*****
****** Finished TC002_LoginTest*****
****** Starting TC002_LoginTest*****
****** Finished TC002_LoginTest*****
****** Starting TC002_LoginTest*****
****** Finished TC002_LoginTest*****
****** Starting TC001_AccountRegistrationTest********
Clicked on my account
Clicked on register
Provideing Customer details
Validating Expected message
****** Starting TC002_LoginTest*****
****** Finished TC002_LoginTest*****
****** Starting TC001_AccountRegistrationTest********
Clicked on my account
Clicked on register
Provideing Customer details
Validating Expected message
****** Starting TC002_LoginTest*****
****** Finished TC002_LoginTest*****
****** Starting TC001_AccountRegistrationTest********
Clicked on my account
Clicked on register
Provideing Customer details
Validating Expected message
****** Finished TC001_AccountRegistrationTest********
****** Starting TC002_LoginTest*****
****** Finished TC002_LoginTest*****
****** Starting TC001_AccountRegistrationTest********
Clicked on my account
Clicked on register
Provideing Customer details
Validating Expected message
****** Starting TC002_LoginTest*****
****** Finished TC002_LoginTest*****
****** Starting TC001_AccountRegistrationTest********
Clicked on my account
Clicked on register
Provideing Customer details
Validating Expected message
****** Starting TC002_LoginTest*****
****** Finished TC002_LoginTest*****
****** Starting TC001_AccountRegistrationTest********
Clicked on my account
Clicked on register
Provideing Customer details
Validating Expected message
****** Starting TC002_LoginTest*****
****** Finished TC002_LoginTest*****
****** Starting TC001_AccountRegistrationTest********
Clicked on my account
Clicked on register
Provideing Customer details
Validating Expected message
****** Starting TC002_LoginTest*****
****** Finished TC002_LoginTest*****
****** Starting TC001_AccountRegistrationTest********
Clicked on my account
Clicked on register
Provideing Customer details
Validating Expected message
****** Starting TC002_LoginTest*****
****** Finished TC002_LoginTest*****
****** Starting TC001_AccountRegistrationTest********
Clicked on my account
Clicked on register
Provideing Customer details
Validating Expected message
****** Finished TC001_AccountRegistrationTest********
****** Starting TC002_LoginTest*****
****** Finished TC002_LoginTest*****
****** Starting TC001_AccountRegistrationTest********
Clicked on my account
Clicked on register
Provideing Customer details
Validating Expected message
****** Finished TC001_AccountRegistrationTest********
****** Starting TC002_LoginTest*****
****** Finished TC002_LoginTest*****
****** Starting TC001_AccountRegistrationTest********
****** Starting TC001_AccountRegistrationTest********
****** Starting TC001_AccountRegistrationTest********
Clicked on my account
Clicked on register
Provideing Customer details
Validating Expected message
****** Finished TC001_AccountRegistrationTest********
****** Starting TC002_LoginTest*****
****** Finished TC002_LoginTest*****
****** Starting TC001_AccountRegistrationTest********
Clicked on my account
Clicked on register
Provideing Customer details
Validating Expected message
****** Finished TC001_AccountRegistrationTest********
****** Starting TC002_LoginTest*****
****** Finished TC002_LoginTest*****
****** Starting TC001_AccountRegistrationTest********
Clicked on my account
Clicked on register
Provideing Customer details
Validating Expected message
****** Finished TC001_AccountRegistrationTest********
****** Starting TC002_LoginTest*****
****** Finished TC002_LoginTest*****
****** Starting TC001_AccountRegistrationTest********
Clicked on my account
Clicked on register
Provideing Customer details
Validating Expected message
****** Finished TC001_AccountRegistrationTest********
****** Starting TC002_LoginTest*****
****** Finished TC002_LoginTest*****
****** Starting TC001_AccountRegistrationTest********
Clicked on my account
Clicked on register
Provideing Customer details
Validating Expected message
****** Finished TC001_AccountRegistrationTest********
****** Starting TC002_LoginTest*****
****** Finished TC002_LoginTest*****
****** Starting TC001_AccountRegistrationTest********
Clicked on my account
Clicked on register
Provideing Customer details
Validating Expected message
****** Finished TC001_AccountRegistrationTest********
****** Starting TC002_LoginTest*****
****** Finished TC002_LoginTest*****
****** Starting TC001_AccountRegistrationTest********
Clicked on my account
Clicked on register
Provideing Customer details
Validating Expected message
****** Finished TC001_AccountRegistrationTest********
****** Starting TC002_LoginTest*****
****** Finished TC002_LoginTest*****
****** Starting TC001_AccountRegistrationTest********
Clicked on my account
Clicked on register
Provideing Customer details
Validating Expected message
****** Finished TC001_AccountRegistrationTest********
****** Starting TC002_LoginTest*****
****** Finished TC002_LoginTest*****
****** Starting TC001_AccountRegistrationTest********
Clicked on my account
Clicked on register
Provideing Customer details
Validating Expected message
****** Finished TC001_AccountRegistrationTest********
****** Starting TC002_LoginTest*****
****** Finished TC002_LoginTest*****
****** Starting TC002_LoginTest*****
****** Finished TC002_LoginTest*****
****** Starting TC002_LoginTest*****
****** Finished TC002_LoginTest*****
****** Starting TC002_LoginTest*****
****** Finished TC002_LoginTest*****
